Start testing: Feb 23 19:09 GMT
----------------------------------------------------------
1/1 Testing: TestVectorFormatting
1/1 Test: TestVectorFormatting
Command: "/usr/bin/cmake" "-P" "/home/vanbu/Desktop/dilithium-pi5/build/check_vector_output.cmake"
Directory: /home/vanbu/Desktop/dilithium-pi5/build
"TestVectorFormatting" start time: Feb 23 19:09 GMT
Output:
----------------------------------------------------------
CMake Error at check_vector_output.cmake:16 (message):
  Vector output test failed!

  Expected output from: test_poly_vector_expected_output.txt

  Got different output

  Expected:

  ========Rows[0]============

  Vector[0] :

  7905761 7863978 1275290 4366663 7850937 4248201 2710427 4706185 6565264
  5317472 6267181 2111275 3977058 3444859 5376343 6624750 5258207 2654719
  4526041 5609447 7099996 7972791 7751347 1704511 7317659 3075272 2848268
  631983 1871102 4843380 1946429 1774550 2583960 6420779 5932281 5080083
  4703343 7484861 8098228 3397161 1330999 3568185 1172502 1891358 900895
  2899822 2303661 3011969 640629 711795 1948641 6265995 3107486 3895415
  1504778 3669620 6243368 7296887 896287 5708818 5402318 7651448 5651922
  1324128 6898583 1852731 4004697 5630595 3007003 1297462 8335498 6323621
  1677367 7887597 142270 1231294 6404586 3900983 1441880 1953688 6805324
  7534197 7750964 4099184 342543 7939752 152458 1210792 5863467 4280989
  831351 2057479 5748898 6686046 5612847 2432158 7483373 3935122 7242538
  1365739 1046440 6976923 8269990 4541959 5332151 6062837 8305715 6954149
  559656 4887097 7566938 3647606 1808230 1002529 4571181 3412967 3568925
  3016720 2069508 2428855 3123487 7435286 4157690 1705698 4209202 3608641
  652959 2936997 2503537 3013458 5083341 5889426 2854243 5686933 4697715
  5299711 3448449 2516645 1263303 5205307 8195350 2804423 6028846 963152
  2201327 79013 771402 8363111 7656648 4522543 5793385 3747834 4817073
  7357347 4980350 5614531 1906566 4786495 3135436 7329485 3556531 4757142
  7997228 5384380 4990682 7309888 7190665 3571542 2770749 4816625 6855032
  6357482 7369551 2644264 4167100 1839385 4205995 5440074 3794874 3441900
  2752750 6642015 4248563 4984715 3541354 5055170 3885715 863845 1495616
  4279852 6968065 7035290 4449543 1433687 5671820 6715062 687926 3586769
  4109667 3802980 4777993 395064 401334 7508875 4230044 850868 6047906
  3774087 1687736 1912479 7321489 715723 1997211 799639 7042412 3557898
  1816079 2119738 8246927 2020283 8364226 2709802 5224716 4672215 3949038
  7793820 5358617 4403671 825367 7620937 3364516 4262262 908122 6396034
  471918 6433180 2346940 6088643 1332404 6608879 995641 1880268 3631122
  1415824 1889218 6368911 2849437 6642265 7689118 8200413 3662638 4538159
  2469409 6266376 6362081 6955102

  Vector[1] :

  4068125 7504033 2293766 6859089 2512944 5281420 1605879 2597206 6430914
  4041504 4506284 7769224 8269662 983391 5710436 6230186 4390844 8024122
  184916 7165453 442777 7088014 1590572 6287806 7041442 7424154 4173922
  7863569 7272769 2666710 6238236 1121032 3486098 860406 3536136 727700
  1432580 3887148 5616470 1196989 6625734 1041885 7213063 649749 4962911
  5218933 3344694 277198 4123561 7847507 3508609 4688420 5644289 2898217
  6838115 5001752 1897158 4817016 6488386 5465961 2439429 4799366 7570209
  3539639 7910772 7274471 3509917 1880957 3381010 6263037 2323479 6913984
  5792575 7689157 7732321 8360689 7937198 6865011 2403209 5673505 6829653
  6777971 8146220 7276353 5075456 3679427 4337340 1605605 738611 2403425
  3463532 639744 1958550 2393757 1581629 710279 1491913 7784063 7895693
  6056057 3333556 6026216 6111952 6388095 4561378 3005990 2160283 1374794
  1347610 6452907 3982079 2057142 4661674 2292872 7924993 6588757 5562412
  1172848 201579 6951085 7749223 2174591 7443374 4772814 8022821 6704029
  6798546 5062927 747149 2760043 394770 7082226 7043542 919388 5660743
  7402396 6598599 4702664 428463 655598 1154452 6922953 4899991 4416245
  4594806 4379332 7659374 634601 7175454 4824863 5590683 94362 4528922
  8320395 20559 5699549 6157749 8033234 2942548 8139317 2574055 7582263
  485485 1542945 5908624 2393389 6081130 7443739 5129516 6517479 6140865
  7346010 8047152 8311153 1421901 5816720 6599173 1078111 4114749 5868405
  7690764 2378033 1919361 3071597 685697 3543038 793341 2727079 1269188
  373181 1850589 6309559 3208642 7872683 489019 4710423 4442282 4604550
  574984 2278500 4596913 6158423 5087994 1600025 3632346 7642853 3732733
  63002 4488284 3838910 5586111 554999 5615757 3048442 3764530 2225221
  5566092 4883629 1194992 2321233 3349729 4310278 4347528 2106528 6875003
  2443519 3846670 1489158 700366 6018810 2877595 4232794 3613031 5415607
  1270074 2771062 4528137 5578796 3714596 5333898 5033566 933091 1974218
  7849515 7898730 5344219 7523879 2622570 5305896 1593803 1023048 699667
  5768033 6359213 6970975 781338

  Vector[2] :

  7283034 6617046 5778213 3593929 2543617 1336186 8197220 4514847 6026666
  7656856 5939115 2152897 6652650 4403399 4691890 962458 6654914 8089053
  6947994 104417 3948374 3361685 7121581 8261373 1933022 1153858 7623440
  5305480 5300901 5994553 2850924 262133 4220738 7751104 5290459 6084953
  805983 2897743 6693969 5779074 347147 3928071 870355 6530469 1303888
  4362474 4333579 1231846 8016946 7011018 3973658 6293330 1655537 1343184
  3030671 3840939 1053489 3959275 2917014 7168797 7719728 3427939 6805874
  3253475 5452149 8144916 5111047 7392915 1203829 8013782 4211767 5113329
  6566766 6356276 7011633 465208 6727295 1315844 1388297 2041039 7436704
  4838888 5645556 3388440 4308760 3743504 3635242 2421872 1724244 5455685
  3431375 5189868 5668564 2159519 5198176 8289869 5456325 8321979 8288670
  2222535 2504771 8018404 6909563 7339128 1709605 5331425 7441791 519096
  2509133 100271 883679 1878861 5011190 605612 6210605 4996685 3478525
  3653761 5265777 7252677 385228 1470961 1206157 45832 135252 7366294 2493965
  4431517 352983 4758611 8099259 6688066 4890020 7019683 7746873 5800216
  6012167 1611640 8250990 5990890 600951 6924606 8161725 4311332 300417
  2951012 126293 4844732 3986964 3937792 2276979 1862579 928161 184158
  5502216 2943766 5143345 288743 4847896 4295751 323402 3555383 1039061
  4186527 7095379 8314688 6894583 1947444 4179997 47494 8373494 3525866
  5671098 2509009 7350631 687284 3339571 3714630 1359077 5810820 66346
  6331642 2161257 7578984 7659568 2946102 8298923 3285588 8302129 6917909
  5673466 5103288 756485 2032184 6746362 2172632 966528 2355453 5598011
  2850882 3918369 3777344 4383488 4921520 7454173 4840662 6847914 7471986
  3031713 6031851 4092634 2136901 1464697 1607874 2741808 2696214 3534394
  5621710 1512635 5170705 3988403 3972691 8029372 3895143 1920861 2193065
  1395727 5908729 2496170 2354311 3586498 6230926 5506841 2489611 1470238
  1877491 7928860 7627290 8221698 4452900 764940 2655271 6778460 7253800
  6907478 277550 3202667 3964562 2334357 2718006 7642326 2834633 2455704
  4956842 4212410 6907856

  Vector[3] :

  4690948 6811205 1451388 4936679 7043712 4522381 7264819 5128629 6994650
  5237525 2857827 2180631 1774500 3244952 2041387 6563753 4427533 5131535
  5158305 2915832 7230806 3649887 374534 2284950 797887 8128080 7975550
  1884484 5512482 6457744 3794814 6203843 4823164 1028751 1245472 2109147
  3230847 3700212 5998566 7054290 4041149 2211417 7967045 6178289 248801
  6666514 1691453 8343256 5079757 247947 6795013 93539 3850187 7978590
  1463985 5756095 3760708 174650 3356173 6820500 6262379 2601572 1063480
  5227137 2146260 1780315 5763139 1107724 5913740 4153650 513778 1812337
  2338251 6486972 1521817 1371480 8353623 5601177 3976023 1780823 7131846
  6783938 7892146 3768727 778142 6540714 7335480 295421 1030212 7998893
  6461442 8038271 2278 7855814 6701617 972472 1177692 4432856 2193084 5232570
  2197179 8211407 7099391 7795286 8331440 3945990 3142995 4783553 4414885
  1392670 530807 2549756 6097760 7721102 4591893 8054551 1711847 6535316
  49891 6224525 2483197 4192651 4193749 4575849 8131927 5636695 6475758
  4617108 3029667 188220 7933721 5986861 1986700 1052530 565107 406107
  7836151 4123659 6208321 717377 4359204 3729739 7555917 583734 4637378
  5689032 4038005 842139 3359096 447618 4262181 3841749 4892847 7695547
  6673516 4189770 3492686 1705339 5561408 5093588 5028352 7748475 1411542
  5689562 366031 5027325 1594939 4039686 7710471 5104376 60722 3002225
  1168956 6966150 3132809 6747314 4160563 4128222 2033029 3311872 5914707
  7616616 5718158 5075333 3674304 7087728 945295 1807433 3584057 4046710
  3490749 3989560 3239634 7547552 4788987 1570063 2089400 3266332 1439517
  851887 6930756 4032286 5916838 2671470 5311136 2987590 832206 6617119
  3052229 2128916 2833277 3275235 2659807 1720230 2778421 1947748 4211947
  4397427 4569707 3030729 2312693 5365732 393454 6559632 6245204 6919180
  6752592 6690134 8329958 11923 5674972 1703464 2572411 2475506 4894703
  5672590 7125520 2515422 4907789 206137 6673330 2425751 5418228 7989034
  3659108 6107120 7400265 3839192 4335008 5200797 487698 5072858 478140
  6472644 3234208 1831591

  

  ========Rows[1]============

  Vector[0] :

  4864464 864331 5396563 3834796 6901781 4682394 8170347 3001028 1756745
  7048165 5465748 4984273 1332030 5579865 4493256 2865360 7974293 2779371
  3065080 1283708 2643704 3653731 2427301 1039677 6290310 5360621 5001233
  3877957 602094 744912 2725336 8115039 7067919 4611397 4906795 1814017
  8344568 4912068 7169085 1194287 597258 2292026 2528627 6437048 3493220
  1823091 2725012 7225925 574915 2450873 6209020 7624346 667303 6985518
  4927279 2850052 8202224 1341517 56619 341788 4742532 3267847 1716342
  4593491 982580 5175398 5836607 6618487 7993497 1326581 7561285 2390606
  1288558 1332959 3068378 5130789 7455267 4011227 6967638 5648770 98168
  7918061 5774042 1477851 7939701 5143624 5630629 8035251 8340336 817428
  2280207 8367206 6160477 6833754 1328120 5998349 7576023 3355845 293554
  445533 1980868 406080 7766383 6578374 4164232 3926578 6945613 7086009
  4420429 4908396 7473796 6755823 3965141 4237751 6205601 3259851 8145955
  7378784 2724742 1839311 1248921 2266691 7709984 111792 6335952 6858399
  7911749 4644299 7713263 247028 5242090 2338250 8032790 1897180 3706743
  1048521 7768415 2979070 782690 3017652 2335826 3310115 6105700 2176358
  56370 3076255 1390027 245274 5128684 7335610 4811484 3429996 5070608
  2609929 1307126 4856080 4868898 5201158 6402903 3221089 6196917 4691793
  2946275 7078195 7677866 419730 4534460 2565484 3187348 6465385 4873854
  7463333 393721 4701709 7135185 7720628 6487021 2226490 215515 7338331
  5534363 7097803 5331235 1483212 4504800 2595219 5318478 2928505 3964000
  2244579 7193335 8138245 5506499 5284236 8144363 2772835 7853613 5075344
  7921106 3920392 8323439 2874799 4813158 7685976 6118250 3064491 6654431
  2123649 2162159 574925 1421624 3962575 8316439 4314171 4602103 5669025
  5765354 2294285 372952 281889 6222180 2268535 799149 1355603 1827340
  3862714 6961966 6990315 6102995 569075 475735 6970505 2296703 5258046
  609963 7980429 2728460 4016171 171349 4933787 8083108 4043902 5799018
  2351458 3173788 1209201 6243890 4167608 5530334 267589 2309163 2090093
  8184210 1647279 4708122 7629298

  Vector[1] :

  2828767 2012865 1906532 5445512 5124509 4089870 216420 5181567 284215
  6624036 942214 2305308 7328551 6116256 7964692 498704 4659043 6145737
  3396868 5502223 2070334 6815660 4315579 6919597 1635073 1755037 1195488
  3886774 4822358 7292809 3546979 2290296 7086794 4373164 1929594 2542463
  780029 3594678 549570 7050937 501617 2277963 5307845 315884 4712995 3012614
  1535364 132624 7494008 6868638 6957522 4247062 5519173 1240760 6527249
  2820564 7830148 7628661 5447827 276755 7938956 2735287 7990513 3968874
  2538258 247862 3313287 693243 4699470 4006808 8152615 5218335 4993118
  2963575 1621255 1455929 1774395 6338492 1979536 5816517 1435484 5796826
  3949966 7872089 2429066 4483634 3448672 861799 6548395 4439341 7213131
  1811254 7668020 6062904 4303178 4723416 6019156 5733952 183331 2297084
  2982824 6720557 7401620 5309179 5657230 4362448 5100028 6894889 1906458
  4000113 3554858 6241127 5492833 4988783 4116960 1321628 3909834 6400880
  3193885 2078307 1745732 6993734 8316822 1359562 3481555 285116 5151529
  4184102 2657526 2238622 1511977 3662547 2504842 1360082 1122859 2659858
  2114512 6111201 2291935 168551 5265226 7457958 3321173 1924240 6955592
  7852614 6534922 6080665 244302 3121687 540089 7948290 4405273 2296155
  2607736 5082088 7577845 5465277 2179358 359613 4227671 3159061 5265676
  8203502 2930740 1891169 3668837 6429230 4076930 1350295 1558062 4867644
  5961720 6584140 693654 5758014 3848385 4782213 4478189 3312956 8278777
  2674919 4663054 1885066 436945 6127967 4239397 8284966 5112542 4950613
  1330491 7367090 7446658 1231880 2903895 7989711 2625433 5553016 4635657
  4928334 4905374 3886309 7338651 6576193 1058031 6876263 6436023 5432725
  1073502 4353408 75315 3172131 6769292 6271543 6151017 4315252 4140763
  1304196 5076806 7145367 776579 6106785 2873725 369479 8241752 3226831
  4186155 7666978 936138 8202693 7012310 1438056 1594771 6935223 216206
  1415095 554733 2265207 2197716 1886340 859823 3696802 6018125 6177440
  4868760 2267461 4310542 1504227 2757271 6794719 590142 4942602 6371277
  6594419 1593108 518873

  Vector[2] :

  2254960 2455414 901101 3256591 7178481 3415935 473118 3639147 4306975
  155356 5767568 3224814 6582183 1643968 2468863 1133642 7963468 5040981
  1251742 3813640 5882461 5660087 360939 4768461 6867208 6848456 5732690
  4624318 5032005 7131144 3981319 3296049 5475053 221472 5662170 6943244
  1166999 2032244 353281 7020297 4729201 2560343 6093495 8355434 3206962
  8160240 3025950 2291168 4944955 4600405 6535608 993470 2219776 5701003
  885490 1387472 4604407 2419919 1066524 1409647 5880700 275151 5514789
  4862635 385786 3920993 7463423 8106468 8241665 7797317 8265814 2093946
  4221108 5840116 3804977 7041691 1862896 1962381 5762420 3242536 6137237
  5586139 4621220 7791443 3738315 8049846 6001293 490045 5880851 3135597
  7372245 1021134 186481 2166776 226781 1922485 4123202 6669245 5818032
  7998922 7317192 5788264 3374810 6194120 7651956 5552826 2456119 1050431
  4890664 8100464 3520572 4410182 4902560 7888249 2279976 668409 944053
  3970976 1590769 4676590 3526150 6603156 5208540 538800 2255804 3385241
  4191704 6418399 4744132 4797757 704458 679872 1451145 909028 7644879
  8222907 6845059 1197507 4289932 5045106 3037321 219835 1592539 8101890
  4960575 4205322 6397754 7475178 1625712 4492389 6685636 2440086 3149467
  5355171 6730738 4828721 5273792 8155042 4260128 7422892 7452201 5462576
  5543837 2452570 1660925 6303060 3062697 2066916 5147266 3377115 11052
  7699442 4327857 6562551 1921053 4071617 3847644 6412975 1717742 1636898
  4547973 1846248 6664275 2299158 392674 805018 4708852 4855058 3775355
  3539485 5421497 5985623 8257477 2250470 8068064 4263007 4203022 2402035
  3333401 4370870 4960915 4518016 1310183 4172562 3409682 1227530 7183505
  1810396 4772080 2421861 272754 1738100 7664333 7873480 7383085 3836703
  7989817 2591139 3088214 4760190 5408792 2150299 199074 1695295 7863605
  215948 3312483 3629735 5713510 3673571 1753449 1578865 8030333 2476562
  7367759 7902517 7820628 5233289 4332572 955425 7259421 2138201 143964
  8135518 7082098 6449564 3677344 6477559 4224738 1366085 3313676 7086393
  2666455 6289444 1495803 1955401

  Vector[3] :

  6424427 3086863 2499892 453625 5663386 1183892 1118616 7122655 7640252
  5550177 7286253 4386180 4746963 4106703 5952845 7886678 7637260 4487266
  4204709 2000153 3870514 934103 2879004 8053444 3423555 958942 1612023
  6830968 4212157 7239357 8304471 7022753 280672 4945802 7622667 2705712
  1555102 5710042 239314 5704216 381049 5779364 2602923 8144524 3903000
  778117 4648234 5028461 2649687 4645217 5349646 2336797 4625763 3026860
  7903081 6179654 756470 3261217 5129579 8087650 3719509 6417192 7191046
  4914070 4543232 1768928 360803 6219914 4652590 2560161 1028853 5565177
  4819521 694319 6796232 2720149 1491 2707235 761928 7408557 7791928 4336288
  7186479 5467627 299291 3118786 6795763 735041 8135756 8037550 6864242
  1554405 7654956 7680043 4574491 2232799 5951578 3060593 6309740 7294423
  638463 255814 1601077 4299025 7169732 6287449 4821400 2633352 446831
  1779078 5953274 176782 2220299 1505341 7357454 2452116 1182134 4478153
  7971686 4409342 1748831 1444942 1086801 953268 972830 4654047 3725597
  909156 4632279 2632508 3482468 3859381 6499288 1743063 2542006 1338730
  39913 6502535 6269289 8170481 6476269 6525090 581376 372570 3312703 7582677
  8210980 3625482 3832969 4048813 969745 916701 4606287 397616 1864455 656361
  5639607 36825 5725391 4396252 1746756 4363887 357071 3066086 6977055
  4766874 3931636 5904230 4249917 528195 5112423 3617576 2255566 5447960
  4681584 1977698 1550558 4491283 5546937 8164384 1695217 1147791 6786648
  8004687 906188 1419053 4509636 8186261 986311 4101171 8327635 656951
  3007736 1959829 6215716 8193555 1859102 7336640 5098923 6112225 1713769
  1535261 2197650 143902 4284391 314214 4531094 6334230 2603130 1898645
  6124023 6991811 7028816 123203 7687900 2597144 371594 4544303 938578
  6886662 801166 1530527 1925437 7390567 387115 731859 7106558 4841893
  6531427 4177835 1772539 7982525 266712 4074824 1995936 6116844 3714036
  1767680 1282624 7550916 7760474 6806600 2839751 3188536 7977051 3113698
  6152815 2400068 5650179 7651068 1281211 2450274 4174631 4399643 1430377
  4065294

  

  ========Rows[2]============

  Vector[0] :

  6311339 6469688 7194785 8319425 8250096 1900147 4250255 1906562 3640559
  1695910 3513437 1844364 4566252 2430162 7207310 1060651 7121067 8219049
  7792130 2121810 3296164 3119750 3926940 7040907 4448802 4470837 57443
  7190848 4469793 2731718 3307524 6302679 702240 4435722 5541883 2108367
  7927073 3515998 4426628 6860507 2910114 2156611 2333677 1415377 2202618
  1590054 2410177 1495030 7945078 1775416 1800535 5854672 2961782 1992014
  8104682 2654947 31991 7548244 6685516 7825558 2692685 4802221 6847456
  6651703 2265733 134353 6912529 5928075 3241399 2939715 7836995 6955399
  5457307 4080661 3914432 6131154 3965087 7369536 3358721 6742815 1840350
  6392286 7099212 388889 1698250 3083907 4672155 1295353 6361371 2251143
  2652517 3375224 7556103 476774 3601895 3001421 4350534 8100179 6336028
  1163463 6927176 2446700 4719756 2789233 3730450 3528990 1991373 830896
  2741056 7215909 2813965 2501134 3836573 2650418 7429117 4228244 1610775
  485132 979514 7211671 2539516 3286244 3893695 4559830 5875547 1248971
  5967047 3758902 165846 3091583 7154670 3962413 2614474 4664947 7055340
  108866 727166 6236323 7965289 1084019 6012896 2852207 486367 1247681
  7712416 2891278 2870656 4129144 7469657 2805080 2540177 3062522 6338529
  2074858 331719 8025604 3627188 6880709 5540476 4253148 3639033 3006146
  5745625 6837853 5632987 3927925 3412987 5781591 3331057 2739683 1590539
  3993526 6804668 7139772 1211610 4712620 1128853 5095743 2735484 5746717
  1838717 1535458 7099657 4664540 2651694 8136983 4512869 5715097 3094229
  6918901 7657611 8227042 8139287 216468 6634564 3994575 5458310 4704297
  4807763 2520664 4904579 120945 7155743 4202797 2737142 718362 7490678
  3311445 5949245 298748 3291006 455279 3346466 1311504 361872 349315 4032469
  6477114 7333058 4094471 1281501 2773786 169162 4027690 8143597 2351867
  1717093 6019207 1564359 3952071 1400921 2165311 4116337 6809809 2003499
  3003283 6219926 4297631 3620617 2482008 1765206 4181126 7113350 5027630
  8181615 7032746 3275017 1242020 4334177 3519175 6303389 4867242 5078134
  8021389 769223 6207486

  Vector[1] :

  6729218 5166372 5885060 8110369 1128083 792570 6038026 3945590 4980172
  6342227 3296035 5321622 432396 2042233 4769455 5357854 4824935 3608946
  4877721 2494465 3191819 6585901 4908037 3248091 5148170 2320092 2885872
  5110241 5928761 946930 4636576 3736889 1448523 3296147 4153765 5307136
  7552894 2763062 1647320 8254648 2126278 5374075 1251851 5375308 7904083
  6208598 755920 4084031 3511641 7917461 986952 1381380 7462095 7079912
  4116525 5751376 1064781 733324 4971748 779687 1409596 6128290 5965465
  4663674 2395204 5874382 7439591 7919285 2391369 3881256 5608986 5997546
  150064 7346627 2352928 4830371 4401129 1490357 1513047 7599099 5959751
  1473588 1483439 2672230 5538990 2030562 6638665 6342964 5745500 2720446
  6713142 8159313 4775993 3238645 6627922 6070215 4942588 6713910 6904340
  8187588 2460799 3756327 5570134 1711881 7328516 2129052 1755005 280758
  6705312 4059400 5821007 2812779 1626230 8212577 5880461 718364 6346637
  960867 840272 937999 2533781 3795579 7693153 5010597 836433 1962781 6532142
  3230155 8252097 3599625 3857375 7333044 1284061 2971902 2057633 7830591
  1864039 1644610 3105464 4229036 305431 176253 8170306 6103648 1650162
  6509965 3553199 1176876 4839859 8085204 5958431 7249710 537052 877941
  7125919 2537966 3468504 505769 1534286 3636231 1588673 5505575 4137162
  2256450 3598368 6594941 5199359 4788278 103597 7131922 5460709 368586
  1039566 5177258 4236144 7674856 7991479 15784 6492838 269883 3348575 238681
  7199599 555883 1736534 4860296 8272139 4661253 7965197 1056725 412048
  4808167 3193505 7546310 3729688 4661278 4913568 7125170 4523381 4467403
  1182649 2504025 3951905 2026456 6397871 6657315 4307798 1188721 3947393
  4866078 6304974 6639296 3347319 1708437 6944836 4217487 4112716 6127155
  2077387 876000 6896069 3579134 2199134 1828963 5656873 1848022 4963134
  7795185 5236290 7326481 983090 7652572 4298774 6411354 350747 5226871
  6881573 6382209 5684591 6667068 4532914 2927464 489784 1219192 1281841
  7377956 821922 839072 67470 5439687 6316967 6986346 3284495 3395635 3509950
  4725626

  Vector[2] :

  5848552 1272060 13887 6735683 4276969 3335593 4244961 7075670 1490471
  3288244 704461 2520430 6269607 4456990 4091178 7699828 3061603 6272999
  7805176 1249835 7657760 2319199 6247890 8119588 1850639 881060 1233643
  2252377 3538875 5686256 569064 7346309 7936813 991633 7324763 7525917
  5845404 1246995 273186 2171890 5777664 4472094 49562 7959068 3865295
  3074275 5058672 4157855 6770566 4684952 5944084 8104434 2993134 4161687
  4438047 1998577 6451327 5243132 2602381 7927126 245376 2799362 3772931
  8355850 609782 2729694 5643042 3945077 1503282 4756215 367641 2353788
  5189429 5236836 4121565 604258 691213 3970321 736115 3190509 396478 2855826
  5497946 7636175 6315820 787405 6947050 777823 8047314 3170743 1890920
  1716755 6329011 368204 2114157 7569809 228301 381477 6578889 7161370
  6030717 1418230 5483375 1847721 4934177 390450 1756339 4079053 4622094
  875115 6073220 467536 7933175 5140196 3981169 3463986 635798 1591751
  1245935 2171723 528258 1336257 3732678 390750 1616900 5561147 5332514
  829616 8240890 1604224 7933484 6204940 1482946 1755205 3042748 148052
  8266858 6149635 3096417 6733541 2720026 6440652 242857 6000436 2840784
  7058520 1050758 3564047 5285654 2322914 141773 1810447 4854150 1175172
  1324695 5022828 2197154 5248088 6565541 7468879 2449815 5130990 5415002
  1120402 6866060 6207454 7841199 4405800 6659532 5672458 2544460 5994790
  8019698 5845310 4249311 3829525 7140297 1007790 8138443 6111506 3096702
  6433733 6019040 3410159 972913 6380380 1166701 7538342 7180007 2884729
  2559737 3083162 404924 954499 5257341 8106075 3811517 1980138 3229481
  1133379 7398325 453547 4080704 3233191 4809512 7953044 3088775 911644
  3052539 3094878 6193249 2645498 7035324 7859441 7360580 6591424 4297121
  3308833 1964338 1152380 504043 8028541 8065640 5336671 3869022 6549505
  2455584 4933161 1669479 5880357 6633839 4446285 3309419 6536735 2770961
  3019346 3779732 6021399 4831922 6404446 373816 6538946 5317032 1707995
  7181679 6729690 5189514 888434 4580735 7947868 962556 6732250 8179898
  3880596 689271 6963575

  Vector[3] :

  4244217 2285516 4274615 1515528 8062737 5692846 8000359 3486605 115457
  6787896 4469984 703572 7291857 442489 691916 4251427 703803 6378490 8177298
  2308541 3208727 2413767 918888 3819460 6264662 955818 7405149 6708786
  807404 4211735 8338163 7318036 5549999 5350941 5401405 2452177 1431055
  3831298 1272669 8244249 1326813 930753 4550241 5947923 1338840 1666115
  3641703 4529699 858547 2081843 6130617 3248643 1445633 2365628 7159293
  8323751 4114668 1602645 6800141 4657517 4101417 4924226 2264454 8316470
  1884857 5111184 6804870 6758742 6030791 705717 1891694 7868917 7411432
  6880433 1152635 3790877 1180119 4628741 886372 6137451 5105554 7298553
  3378489 7519600 127858 1929820 3817317 2110247 4830878 952512 1633457
  6238062 5792267 6518736 988110 6265636 7677666 3867443 3790942 266035
  7712066 3060737 7592736 4341561 2481682 2792648 2916915 3148943 1253668
  1596513 2859065 6733313 6521223 4494948 3153110 2469886 1608247 7959618
  4163665 3106098 4851421 2216421 7579645 8316959 1298440 5559952 1048010
  8037102 6519144 7969593 6993878 6136982 480219 3985717 3050957 347656
  8293229 2876411 7708708 4319411 3931080 6985799 281707 7041674 589263
  4839547 2407195 6689814 8246216 6331936 5612899 6315561 2976323 4738033
  4317752 6321132 8302662 8219574 3904299 1928876 5201972 2879850 3795
  5335543 3476348 776943 411573 984765 5556914 2584899 8038756 6202912
  6185805 1840292 7182832 1311543 4840828 7556151 6513507 7943822 8093096
  706086 8215153 2480568 3711817 2125016 4656660 4269536 4130928 2102553
  6107323 1751545 7090955 2384977 2540251 3662010 7766760 6051951 6222142
  4507000 3632034 5984069 5616679 216466 8013907 5478703 3970249 7970156
  413255 8045244 2223118 1469341 5787026 1577203 1263824 6191882 1084551
  5550695 7351203 6648657 1664018 5465521 1394736 5350507 6026822 362247
  2820586 2298050 5669726 3555809 4715271 1167873 5141384 448282 5158203
  3102325 4830284 3672113 3763044 3939747 1232327 4056678 148950 2555908
  1058152 8246390 3075878 4279446 4590148 4854779 819782 7576642 286592
  279305 5436044 6686576

  

  ========Rows[3]============

  Vector[0] :

  7684941 479539 6416584 6288309 1659420 6927110 5200489 5242108 5715436
  1224328 4054882 8256656 3908719 3025018 8188915 998270 3625464 7327562
  707465 6132227 3587037 825946 2674601 4622888 5127256 4073006 3888630
  7395419 4708624 2271807 2202767 7607860 4437811 4312037 2790304 7060491
  3672667 739426 6299585 999606 4232352 1614561 2741463 1097844 5106896
  2129317 4120410 5442242 712204 8342934 7525709 3698553 2908879 2441002
  8101354 2228533 4361207 8293101 2805497 4728155 5393333 4390215 1091656
  440618 5372342 4663533 3306592 6821075 2663668 3433162 4110756 3582146
  8312293 1212453 1611944 4815882 7131049 4072904 5113087 1069765 5578898
  6696542 6481541 3329434 2759949 979706 1571051 1065655 8160269 2476854
  2172362 3383066 7008767 6257203 4165747 4531298 8356757 156212 6254815
  1415484 5540146 572837 4854834 6600769 203661 7366291 768788 4676426
  4068117 8289242 640037 4017881 196009 3018722 8244248 3900242 4734425
  5154626 8263291 2750073 6734756 7468891 6008797 3497432 1277178 7932699
  4751887 6135439 4241273 3861056 6643242 7513996 4930997 2637679 638214
  5319642 903876 4489783 3968816 6329353 1857624 4582419 653365 4973213
  2166157 1661696 7616519 4860316 6822270 6318828 8050921 1550209 4931936
  1047082 571687 1303307 3430138 7748617 1540103 877345 4904824 2396766
  6848253 5920317 5355712 7654234 4003344 3206854 5741333 1467528 944530
  7424851 5136199 5745314 6793384 4424442 6888597 1487636 2258146 454216
  442872 1918982 1555194 5622000 7897243 3618332 2843873 2539568 6069936
  6194902 2289327 4461705 5550558 478269 1258553 1949456 5824912 5560736
  4660379 3433561 2256613 26125 134188 1703881 7609452 564655 7357212 1460519
  5864626 1523191 3722347 3570014 8036698 5539321 2743965 8028067 589944
  6264032 697189 8249570 4391720 2610273 2837905 4949647 388153 3355200
  4922607 6925650 4554311 1248241 3043446 490154 3725063 7973174 4403298
  3590244 5387259 817731 5938224 2776996 1422326 6826103 7687377 5773249
  1461675 5507627 2895488 2895219 5907788 5832192 2224763 334333 3351867
  3164402 6466396 4855196

  Vector[1] :

  8228140 4845179 7810543 6956334 1802746 2761929 2734835 1023198 5416079
  5310675 1546665 5493277 7915013 3547194 3697713 7867129 2435707 730345
  5166842 1313691 268340 6796381 2693230 7300108 1584025 6511931 366244
  7058669 3676377 1256750 607526 4324236 1423290 5806504 1136530 5559602
  6181518 3207933 1612302 697948 4474214 4795226 3087215 7305856 916090
  7540714 7290096 4884375 1795419 2708847 5503178 2403048 4689344 7677487
  7574102 6707780 2693659 4069905 4256154 7453741 589175 4345827 5546316
  6460365 5619167 755412 7387156 7007618 2216641 3644079 7968804 2270310
  3144767 2823710 1031792 3384591 6815632 450418 507367 4888061 2919101
  7786818 514077 2733629 7409036 4535926 4485778 1875673 5060372 7281265
  7652765 2734860 1533829 4179247 6175925 7191198 5210620 6384171 16700
  8047332 7382918 1961151 1539500 7026331 1830346 219157 6366475 556247
  6098677 1008139 7540729 5255726 1598354 6214536 6772671 5463194 6622918
  3271126 8218995 7056120 3019899 2501695 5643090 217085 5014807 2172001
  6962288 1147291 7912855 2016438 4776375 5622056 7041913 7754379 65897
  372414 5442375 803946 4634458 108710 3353704 5379143 4530654 3344368
  4336807 4607979 6034825 4949168 4860167 4596207 8260436 3565247 5721009
  3431634 5169294 8231119 3751392 1733720 4746411 2161433 7850325 8228055
  3142112 1010842 1931878 6373806 5539369 2923482 2020142 3422692 3039098
  7138765 1632883 6996785 5252574 1123218 331172 5281183 6684145 490583
  5848201 783654 560040 6693062 290963 4093424 2818867 2683961 958591 5981057
  4302482 7602577 6519908 269760 227916 6302641 7443271 909030 1477597
  7207018 7253143 1453549 528973 793573 5841368 6876101 4424254 1672332
  4486046 6131437 219324 6508934 7949625 7888318 3734638 4937523 1584258
  1572451 4013196 1181514 5598017 1382734 1174121 954786 4212802 6550986
  2394544 1753988 3892412 2683011 5186972 1127123 6891305 6002417 7784366
  5563209 2041555 7815415 2014652 7732292 4034067 5500895 1173988 2441014
  1075040 1374910 1968300 5273038 6085623 2216917 6557015 6806299 6912922
  2721689 2626972 6115961

  Vector[2] :

  6894153 1955557 2339092 4773143 5813936 1011111 6887851 3269856 8360524
  145193 7317944 8157388 7304471 6860944 7712343 269446 6397633 1931501
  7831861 4469350 490991 4571104 4645988 2611167 8097942 3833334 4527818
  461595 8190315 4900002 6564056 4586935 7953968 4147868 7830152 2502882
  1657175 4053662 7565630 1016880 3256694 6512587 852113 398778 3057168
  6700689 201141 1278315 974868 8127106 7126730 1858480 6742627 8329767
  7596311 5408408 7920916 5207976 5282195 3847487 3668201 5643276 5664479
  4037166 4608279 5391146 6001589 268551 1356304 5872206 1254739 3975219
  8126387 6207070 1712490 1560500 269860 1734589 638410 5260977 1088442
  6845381 6725925 7913972 6124080 2956151 4110845 3744469 6966956 5217384
  1593825 356347 5620907 5611133 3214457 3919891 5182700 6019936 7105978
  2432063 1540188 6757260 7488946 3422616 1693220 6779869 6218766 5717549
  768761 3740051 6003700 5695953 3968715 7521659 7729536 4938445 3334327
  3988849 6518236 1309890 1518164 7032681 8190706 4099995 3065217 6172003
  7520408 4648227 558699 3356347 2776358 2564536 4537214 4865682 3585210
  3953434 4092687 2946413 4593916 5064774 5819533 1775613 1558417 6586110
  3412874 6087707 7542494 591076 5731158 1490207 1861270 1449592 104897
  8280144 2699253 7036311 838699 6145707 658814 5893795 3685236 4105334
  1038675 3147887 4296474 2169124 3784375 6781841 5828721 1882414 2757097
  5354624 8176049 223935 2860500 7283949 1791192 710687 798341 8311025
  3778121 7829939 5047923 4817995 7646281 1170965 5870650 3995795 7069176
  4812493 7092073 7162127 3903393 1451015 2799233 1572550 2842323 2630567
  2910142 1221153 3014996 255935 5786168 6383842 2302902 506397 260741
  6314256 958859 1825795 1105117 6821479 6952222 6078110 1852084 1957728
  1302494 3256028 3851768 4271524 5275979 56033 6865066 182042 823617 7147612
  6150327 4059325 5892610 162884 1500484 2149553 3774003 2482790 6862581
  3311338 2369294 5479658 6562512 1189111 108804 1028472 2260110 5427033
  3203372 2913054 8175682 5594275 3773755 8332641 4848768 398191 6902863
  5230156 5059763 7469660

  Vector[3] :

  2236140 6608152 2072470 4227683 6907473 2274557 4544195 6881555 2563980
  2234710 6856577 3437820 1647586 7191879 5744659 7975580 3068865 1997908
  5439074 6396529 6158736 8044060 2915320 6351834 6900116 2374548 8346305
  5095692 4077757 4137444 8092172 3031138 5450183 2927629 6339019 6844734
  2627528 697875 629365 1173175 1760296 2021659 7897545 5306249 4534132
  960240 3144793 923464 5552196 2190219 3835600 6667562 56657 1111182 6932065
  5780137 3297297 3086546 1037118 3310724 4603468 7387618 7705541 3169685
  6412013 3429099 4901076 3387136 3706466 131555 251830 6135914 3971115
  1357739 624465 484299 183379 5147029 7701767 3486236 1985010 4221342
  4210042 434549 118254 6198519 3550732 6774497 807559 7217144 7033560
  3787998 6348929 4097440 916871 7036867 3807984 1250179 5244220 5509607
  2400551 6372548 4029880 1747933 2175684 1958660 4931601 5568891 7791919
  8032258 1656197 2366995 5429667 7849519 2061141 6686674 5810075 6294419
  363337 8149649 7815599 2386037 3551141 5389658 914733 1446856 57156 5752511
  647371 4024901 6607572 6082105 4712593 2729214 4881468 7221168 1533657
  6820719 7297487 3871205 6968134 5266404 2834404 6617541 7448018 4884280
  1857294 3094404 4824360 5880792 1442439 2569887 5391674 4607744 4968593
  7222438 1806587 7147992 988057 6400401 128478 5241583 7112540 937070 515219
  78259 4663396 8055484 5351126 4762413 8189263 8263899 1126580 8086417
  3844897 4102060 3769472 4826649 2017274 257436 3188300 4931230 5595767
  4045515 6937923 91550 6041778 6280653 2830351 150528 6393120 2836320
  5642003 4423293 3059036 1486001 6341837 1335251 5552861 3993854 2961062
  3737328 5513791 6892494 5959243 2870786 4994664 5241583 5718220 5040384
  6477456 6538935 2411901 4297811 264754 7019847 6667410 2627932 3464037
  5387335 5752664 1718419 2344290 6043241 6747472 4645486 7390674 3752863
  1003094 7397168 6495912 3400699 124196 4874164 4280589 3865767 803281
  5627730 2967708 1149580 1612167 483739 8058413 3289761 7652788 7734939
  3335550 643788 4389949 1169661 5746998 7057964 7024059 1388261 5566043
  1731466

  Got:



<end of output>
Test time =   0.02 sec
----------------------------------------------------------
Test Failed.
"TestVectorFormatting" end time: Feb 23 19:09 GMT
"TestVectorFormatting" time elapsed: 00:00:00
----------------------------------------------------------

End testing: Feb 23 19:09 GMT
